17:00:19.762 [main] INFO  com.cvx.qa.stepdefinitions.Hooks - TestCase Started
17:00:55.972 [main] INFO  com.cvx.qa.util.WebEventListener - Current url : data:,
17:01:10.684 [main] INFO  com.cvx.qa.util.WebEventListener - Navigated to url : https://www.goibibo.com/flights/
17:01:10.893 [main] INFO  com.cvx.qa.util.WebEventListener - Current url : https://www.goibibo.com/flights/
17:01:15.720 [main] INFO  com.cvx.qa.util.WebEventListener - Navigated to url : https://www.goibibo.com/flights/
17:01:15.721 [main] INFO  com.cvx.qa.stepdefinitions.FlightSearchSteps - Driver is navigated to url
17:01:15.849 [main] INFO  com.cvx.qa.stepdefinitions.FlightSearchSteps - The page title is: Flight Tickets, Flights Booking at Lowest Airfare, Book Air Tickets-Goibibo
17:01:15.852 [main] INFO  com.cvx.qa.stepdefinitions.FlightSearchSteps - Successfully validated the title for page
17:01:19.444 [main] INFO  com.cvx.qa.stepdefinitions.Hooks - Driver exit
17:01:19.444 [main] INFO  com.cvx.qa.stepdefinitions.Hooks - TestCase Completed
11:18:52.655 [main] INFO  com.cvx.qa.stepdefinitions.Hooks - TestCase Started
11:18:58.768 [main] INFO  com.cvx.qa.util.WebEventListener - Current url : data:,
11:19:08.389 [main] INFO  com.cvx.qa.util.WebEventListener - Navigated to url : https://www.goibibo.com/flights/
11:19:08.737 [main] INFO  com.cvx.qa.util.WebEventListener - Current url : https://www.goibibo.com/flights/
11:19:10.488 [main] INFO  com.cvx.qa.util.WebEventListener - Navigated to url : https://www.goibibo.com/flights/
11:19:10.488 [main] INFO  com.cvx.qa.stepdefinitions.FlightSearchSteps - Driver is navigated to url
11:19:10.514 [main] INFO  com.cvx.qa.stepdefinitions.FlightSearchSteps - The page title is: Flight Tickets, Flights Booking at Lowest Airfare, Book Air Tickets-Goibibo
11:19:10.540 [main] INFO  com.cvx.qa.stepdefinitions.FlightSearchSteps - Successfully validated the title for page
11:19:13.692 [main] INFO  com.cvx.qa.stepdefinitions.Hooks - Driver exit
11:19:13.692 [main] INFO  com.cvx.qa.stepdefinitions.Hooks - TestCase Completed
