16:59:16.898 [main] DEBUG org.apache.http.wire - http-outgoing-1 << "alpha-1.jar</Key><Generation>1556122620115927</Generation><MetaGeneration>1</MetaGeneration><LastModified>2019-04-24T16:17:00.115Z</LastModified><ETag>"ac553ec987d16d2af8c8e3ef9061772c"</ETag><Size>12564804</Size></Contents><Contents><Key>4.0/selenium-server-standalone-4.0.0-alpha-1.zip</Key><Generation>1556122620996687</Generation><MetaGeneration>1</MetaGeneration><LastModified>2019-04-24T16:17:00.996Z</LastModified><ETag>"1974b11f970bad6e15c84e3840ec3897"</ETag><Size>12342093</Size></Contents><Contents><Key>4.0/selenium-server-standalone-4.0.0-alpha-2.jar</Key><Generation>1562016739229945</Generation><MetaGeneration>1</MetaGeneration><LastModified>2019-07-01T21:32:19.229Z</LastModified><ETag>"d000d97d24389fde5bfb94f450ede780"</ETag><Size>12926731</Size></Contents><Contents><Key>4.0/selenium-server-standalone-4.0.0-alpha-2.zip</Key><Generation>1562016747186283</Generation><MetaGeneration>1</MetaGeneration><LastModified>2019-07-01T21:32:27.186Z</LastModified><ETag>"2466773c71eeddea02004371a5e32324"</ETag><Size>12856268</Size></Contents><Contents><Key>icons/back.gif</Key><Generation>1389651464491000</Generation><MetaGeneration>2</MetaGeneration><LastModified>2014-01-13T22:17:44.445Z</LastModified><ETag>"4bce9846e05d3bffdfb293d47c840a8e"</ETag><Size>216</Size></Contents><Contents><Key>icons/binary.gif</Key><Generation>1389651166628000</Generation><MetaGeneration>4</Met"
16:59:16.918 [main] DEBUG org.apache.http.wire - http-outgoing-1 << "aGeneration><LastModified>2014-01-13T22:12:46.557Z</LastModified><ETag>"96bd4beed88ff93356586485c13e5d89"</ETag><Size>246</Size></Contents><Contents><Key>icons/blank.gif</Key><Generation>1389651167385000</Generation><MetaGeneration>4</MetaGeneration><LastModified>2014-01-13T22:12:47.329Z</LastModified><ETag>"19517fb39a31be6b8d7ccf53ad84908f"</ETag><Size>148</Size></Contents><Contents><Key>icons/folder.gif</Key><Generation>1389651168089000</Generation><MetaGeneration>4</MetaGeneration><LastModified>2014-01-13T22:12:47.995Z</LastModified><ETag>"d342cba375fea336967317bdb5d7cf19"</ETag><Size>225</Size></Contents><Contents><Key>index.html</Key><Generation>1389651159940000</Generation><MetaGeneration>4</MetaGeneration><LastModified>2014-01-13T22:12:39.793Z</LastModified><ETag>"704b0f841aad1b1428481b7ff3c759c0"</ETag><Size>10574</Size></Contents></ListBucketResult>"
16:59:16.918 [main] DEBUG org.apache.http.impl.conn.PoolingHttpClientConnectionManager - Connection [id: 1][route: {s}->https://selenium-release.storage.googleapis.com:443] can be kept alive indefinitely
16:59:16.918 [main] DEBUG org.apache.http.impl.conn.DefaultManagedHttpClientConnection - http-outgoing-1: set socket timeout to 0
16:59:16.919 [main] DEBUG org.apache.http.impl.conn.PoolingHttpClientConnectionManager - Connection released: [id: 1][route: {s}->https://selenium-release.storage.googleapis.com:443][total kept alive: 1; route allocated: 1 of 2; total allocated: 1 of 20]
16:59:20.439 [main] INFO  com.cvx.qa.util.WebEventListener - Current url : http://localhost:24764/
16:59:30.748 [main] INFO  com.cvx.qa.util.WebEventListener - Navigated to url : https://www.goibibo.com/flights/
16:59:30.842 [main] INFO  com.cvx.qa.util.WebEventListener - Current url : https://www.goibibo.com/flights/
16:59:32.479 [main] INFO  com.cvx.qa.util.WebEventListener - Navigated to url : https://www.goibibo.com/flights/
16:59:32.479 [main] INFO  com.cvx.qa.stepdefinitions.FlightSearchSteps - Driver is navigated to url
16:59:32.524 [main] INFO  com.cvx.qa.stepdefinitions.FlightSearchSteps - The page title is: Flight Tickets, Flights Booking at Lowest Airfare, Book Air Tickets-Goibibo
16:59:32.526 [main] INFO  com.cvx.qa.stepdefinitions.FlightSearchSteps - Successfully validated the title for page
16:59:35.364 [main] INFO  com.cvx.qa.stepdefinitions.Hooks - Driver exit
16:59:35.364 [main] INFO  com.cvx.qa.stepdefinitions.Hooks - TestCase Completed
16:59:35.643 [main] INFO  com.cvx.qa.stepdefinitions.Hooks - TestCase Started
17:00:03.546 [main] INFO  com.cvx.qa.util.WebEventListener - Current url : data:,
17:00:12.613 [main] INFO  com.cvx.qa.util.WebEventListener - Navigated to url : https://www.goibibo.com/flights/
17:00:12.779 [main] INFO  com.cvx.qa.util.WebEventListener - Current url : https://www.goibibo.com/flights/
17:00:15.153 [main] INFO  com.cvx.qa.util.WebEventListener - Navigated to url : https://www.goibibo.com/flights/
17:00:15.153 [main] INFO  com.cvx.qa.stepdefinitions.FlightSearchSteps - Driver is navigated to url
17:00:15.850 [main] INFO  com.cvx.qa.stepdefinitions.FlightSearchSteps - The page title is: Flight Tickets, Flights Booking at Lowest Airfare, Book Air Tickets-Goibibo
17:00:15.852 [main] INFO  com.cvx.qa.stepdefinitions.FlightSearchSteps - Successfully validated the title for page
17:00:19.589 [main] INFO  com.cvx.qa.stepdefinitions.Hooks - Driver exit
17:00:19.589 [main] INFO  com.cvx.qa.stepdefinitions.Hooks - TestCase Completed
